<!DOCTYPE html PUBLIC "-//W3C//DTD XHTML 1.1//EN" "https://www.w3.org/TR/xhtml11/DTD/xhtml11.dtd">
<html xmlns="https://www.w3.org/1999/xhtml">
<head>
<meta http-equiv="content-type" content="text/html; charset=UTF-8"/>
<title>TestNG Report</title>
<style type="text/css">table {margin-bottom:10px;border-collapse:collapse;empty-cells:show}th,td {border:1px solid #009;padding:.25em .5em}th {vertical-align:bottom}td {vertical-align:top}table a {font-weight:bold}.stripe td {background-color: #E6EBF9}.num {text-align:right}.passedodd td {background-color: #3F3}.passedeven td {background-color: #0A0}.skippedodd td {background-color: #DDD}.skippedeven td {background-color: #CCC}.failedodd td,.attn {background-color: #F33}.failedeven td,.stripe .attn {background-color: #D00}.stacktrace {white-space:pre;font-family:monospace}.totop {font-size:85%;text-align:center;border-bottom:2px solid #000}.invisible {display:none}</style>
</head>
<body>
<table>
<tr><th>Test</th><th># Passed</th><th># Skipped</th><th># Retried</th><th># Failed</th><th>Time (ms)</th><th>Included Groups</th><th>Excluded Groups</th></tr>
<tr><th colspan="8">com.htc.makemytrip</th></tr>
<tr><td><a href="#t0">MakeMyTrip WebPage Functionality Test</a></td><td class="num">2</td><td class="num">0</td><td class="num">0</td><td class="num attn">8</td><td class="num">713,917</td><td></td><td></td></tr>
</table>
<table id='summary'><thead><tr><th>Class</th><th>Method</th><th>Start</th><th>Time (ms)</th></tr></thead><tbody><tr><th colspan="4">com.htc.makemytrip</th></tr></tbody><tbody id="t0"><tr><th colspan="4">MakeMyTrip WebPage Functionality Test &#8212; failed</th></tr><tr class="failedeven"><td rowspan="1">com.htc.makemytrip.test.CabFuntionalityTest</td><td><a href="#m0">bookACabTest</a></td><td rowspan="1">1622624990756</td><td rowspan="1">20266</td></tr><tr class="failedodd"><td rowspan="1">com.htc.makemytrip.test.FlightFunctionalityTest</td><td><a href="#m1">flightTicketBookingTest</a></td><td rowspan="1">1622624509971</td><td rowspan="1">27211</td></tr><tr class="failedeven"><td rowspan="1">com.htc.makemytrip.test.HolidayFunctionalityTest</td><td><a href="#m2">bookAHolidayTripTest</a></td><td rowspan="1">1622625048645</td><td rowspan="1">59049</td></tr><tr class="failedodd"><td rowspan="1">com.htc.makemytrip.test.LoginTest</td><td><a href="#m3">loginTest</a></td><td rowspan="1">1622624466404</td><td rowspan="1">29908</td></tr><tr class="failedeven"><td rowspan="1">com.htc.makemytrip.test.NewAccountCreationTest</td><td><a href="#m4">registrationTest</a></td><td rowspan="1">1622624433088</td><td rowspan="1">23355</td></tr><tr class="failedodd"><td rowspan="2">com.htc.makemytrip.test.TrainFunctionalityTest</td><td><a href="#m5">bookATrainTickectTest</a></td><td rowspan="1">1622624695145</td><td rowspan="1">69067</td></tr><tr class="failedodd"><td><a href="#m6">checkPnrTest</a></td><td rowspan="1">1622624672127</td><td rowspan="1">18599</td></tr><tr class="failedeven"><td rowspan="1">com.htc.makemytrip.test.VillasFuntionalityTest</td><td><a href="#m7">bookingVillasTest</a></td><td rowspan="1">1622624642966</td><td rowspan="1">7058</td></tr><tr><th colspan="4">MakeMyTrip WebPage Functionality Test &#8212; passed</th></tr><tr class="passedeven"><td rowspan="1">com.htc.makemytrip.test.BusFuntionalityTest</td><td><a href="#m8">bookABusTicketTest</a></td><td rowspan="1">1622624821381</td><td rowspan="1">142760</td></tr><tr class="passedodd"><td rowspan="1">com.htc.makemytrip.test.HotelFunctionalityTest</td><td><a href="#m9">bookAHotelTest</a></td><td rowspan="1">1622624550860</td><td rowspan="1">74967</td></tr></tbody>
</table>
<h2>MakeMyTrip WebPage Functionality Test</h2><h3 id="m0">com.htc.makemytrip.test.CabFuntionalityTest#bookACabTest</h3><table class="result"><tr class="param"><th>Parameter #1</th></tr><tr class="param stripe"><td>{ReturnDate=16/June2021, TravellerEmail=rohith.b@test.com, CarModel=Swift Dzire, DropDownTime=09:00, ToCity=Puttur AP, PickUpAddress=Sowcarpet, FromCity=Chennai, PickUpTime=07:00, TravellerName=Rohith, TravellerMobile=8428219646, DepartureDate=14/June2021}</td></tr><tr><th>Exception</th></tr><tr><td><div class="stacktrace">java.lang.AssertionError: no such element: Unable to locate element: {&quot;method&quot;:&quot;xpath&quot;,&quot;selector&quot;:&quot;//li[@data-cy=&apos;outstationRoundTrip&apos;]&quot;}
  (Session info: chrome=91.0.4472.77)
For documentation on this error, please visit: https://www.seleniumhq.org/exceptions/no_such_element.html
Build info: version: &apos;3.141.59&apos;, revision: &apos;e82be7d358&apos;, time: &apos;2018-11-14T08:17:03&apos;
System info: host: &apos;DELL-PC&apos;, ip: &apos;192.168.42.61&apos;, os.name: &apos;Windows 7&apos;, os.arch: &apos;amd64&apos;, os.version: &apos;6.1&apos;, java.version: &apos;15.0.1&apos;
Driver info: org.openqa.selenium.chrome.ChromeDriver
Capabilities {acceptInsecureCerts: false, browserName: chrome, browserVersion: 91.0.4472.77, chrome: {chromedriverVersion: 91.0.4472.19 (1bf021f248676..., userDataDir: C:\Users\DELL\AppData\Local...}, goog:chromeOptions: {debuggerAddress: localhost:55481}, javascriptEnabled: true, networkConnectionEnabled: false, pageLoadStrategy: normal, platform: WINDOWS, platformName: WINDOWS, proxy: Proxy(), setWindowRect: true, strictFileInteractability: false, timeouts: {implicit: 0, pageLoad: 300000, script: 30000}, unhandledPromptBehavior: dismiss and notify, webauthn:extension:largeBlob: true, webauthn:virtualAuthenticators: true}
Session ID: d33439e52bb39abc41707e8195908822
*** Element info: {Using=xpath, value=//li[@data-cy=&apos;outstationRoundTrip&apos;]}
	at com.htc.makemytrip.test.CabFuntionalityTest.bookACabTest(CabFuntionalityTest.java:33)
	at java.base/java.util.ArrayList.forEach(ArrayList.java:1511)
... Removed 28 stack frames</div></td></tr></table><p class="totop"><a href="#summary">back to summary</a></p>
<h3 id="m1">com.htc.makemytrip.test.FlightFunctionalityTest#flightTicketBookingTest</h3><table class="result"><tr class="param"><th>Parameter #1</th></tr><tr class="param stripe"><td>{Psg1_FirstName=Rohith, EmailId=rohith.b@test.com, Psg1_LastName=Balaji, Airline=Spicejet, TravelDate=14/June/2021, Psg2_FirstName=Dinesh, Infant=0, Psg1_DOB=22/3, Psg2_LastName=Balaji, OTP=111111, ClassType=Economy/Premium Economy, MobileOrEmail=8190916561, ToCity=Rome, PhoneNo=8190916561, FromCity=Chennai, Adult=2, Psg2_DOB=13/5, Child=0}</td></tr><tr><th>Exception</th></tr><tr><td><div class="stacktrace">java.lang.AssertionError: Flight Not Available Flight Not Available no such element: Unable to locate element: {&quot;method&quot;:&quot;xpath&quot;,&quot;selector&quot;:&quot;//span[text()=&quot;Spicejet&quot;]&quot;}
  (Session info: chrome=91.0.4472.77)
For documentation on this error, please visit: https://www.seleniumhq.org/exceptions/no_such_element.html
Build info: version: &apos;3.141.59&apos;, revision: &apos;e82be7d358&apos;, time: &apos;2018-11-14T08:17:03&apos;
System info: host: &apos;DELL-PC&apos;, ip: &apos;192.168.42.61&apos;, os.name: &apos;Windows 7&apos;, os.arch: &apos;amd64&apos;, os.version: &apos;6.1&apos;, java.version: &apos;15.0.1&apos;
Driver info: org.openqa.selenium.chrome.ChromeDriver
Capabilities {acceptInsecureCerts: false, browserName: chrome, browserVersion: 91.0.4472.77, chrome: {chromedriverVersion: 91.0.4472.19 (1bf021f248676..., userDataDir: C:\Users\DELL\AppData\Local...}, goog:chromeOptions: {debuggerAddress: localhost:51239}, javascriptEnabled: true, networkConnectionEnabled: false, pageLoadStrategy: normal, platform: WINDOWS, platformName: WINDOWS, proxy: Proxy(), setWindowRect: true, strictFileInteractability: false, timeouts: {implicit: 0, pageLoad: 300000, script: 30000}, unhandledPromptBehavior: dismiss and notify, webauthn:extension:largeBlob: true, webauthn:virtualAuthenticators: true}
Session ID: 706b4c47d90d60c4422643b2dde03fa6
*** Element info: {Using=xpath, value=//span[text()=&quot;Spicejet&quot;]}
	at com.htc.makemytrip.test.FlightFunctionalityTest.flightTicketBookingTest(FlightFunctionalityTest.java:42)
	at java.base/java.util.ArrayList.forEach(ArrayList.java:1511)
... Removed 28 stack frames</div></td></tr></table><p class="totop"><a href="#summary">back to summary</a></p>
<h3 id="m2">com.htc.makemytrip.test.HolidayFunctionalityTest#bookAHolidayTripTest</h3><table class="result"><tr class="param"><th>Parameter #1</th></tr><tr class="param stripe"><td>{MobileNo=8428219646, Adult2FirstName=Jaya, Adult2LastName=Kumar, Email=rohith.b@test.com, ToCity=Kerala, FromCity=Chennai, Adult2DOB_Date=13/5, Adult1FirstName=Rohith, Adult1LastName=Balaji, JourneyDate=14/June/2021, Adult1DOB_Date=22/3}</td></tr><tr><th>Exception</th></tr><tr><td><div class="stacktrace">java.lang.AssertionError: element click intercepted: Element &lt;input id=&quot;departure_date&quot; name=&quot;departure_date&quot; type=&quot;text&quot; class=&quot;modify-search_input&quot; readonly=&quot;&quot; placeholder=&quot;Select&quot; value=&quot;&quot;&gt; is not clickable at point (625, 109). Other element would receive the click: &lt;div class=&quot;guideOverlay&quot; style=&quot;height: 3284px;&quot;&gt;...&lt;/div&gt;
  (Session info: chrome=91.0.4472.77)
Build info: version: &apos;3.141.59&apos;, revision: &apos;e82be7d358&apos;, time: &apos;2018-11-14T08:17:03&apos;
System info: host: &apos;DELL-PC&apos;, ip: &apos;192.168.42.61&apos;, os.name: &apos;Windows 7&apos;, os.arch: &apos;amd64&apos;, os.version: &apos;6.1&apos;, java.version: &apos;15.0.1&apos;
Driver info: org.openqa.selenium.chrome.ChromeDriver
Capabilities {acceptInsecureCerts: false, browserName: chrome, browserVersion: 91.0.4472.77, chrome: {chromedriverVersion: 91.0.4472.19 (1bf021f248676..., userDataDir: C:\Users\DELL\AppData\Local...}, goog:chromeOptions: {debuggerAddress: localhost:61075}, javascriptEnabled: true, networkConnectionEnabled: false, pageLoadStrategy: normal, platform: WINDOWS, platformName: WINDOWS, proxy: Proxy(), setWindowRect: true, strictFileInteractability: false, timeouts: {implicit: 0, pageLoad: 300000, script: 30000}, unhandledPromptBehavior: dismiss and notify, webauthn:extension:largeBlob: true, webauthn:virtualAuthenticators: true}
Session ID: 2d59216d55a8a50fa7693bf1d35326d6
	at com.htc.makemytrip.test.HolidayFunctionalityTest.bookAHolidayTripTest(HolidayFunctionalityTest.java:35)
	at java.base/java.util.ArrayList.forEach(ArrayList.java:1511)
... Removed 28 stack frames</div></td></tr></table><p class="totop"><a href="#summary">back to summary</a></p>
<h3 id="m3">com.htc.makemytrip.test.LoginTest#loginTest</h3><table class="result"><tr class="param"><th>Parameter #1</th></tr><tr class="param stripe"><td>{MobileOrEmail=8190916561, OTP=123456}</td></tr><tr><th>Exception</th></tr><tr><td><div class="stacktrace">java.lang.AssertionError: no such element: Unable to locate element: {&quot;method&quot;:&quot;xpath&quot;,&quot;selector&quot;:&quot;//div[@class=&quot;btnContainer appendBottom25 &quot;]&quot;}
  (Session info: chrome=91.0.4472.77)
For documentation on this error, please visit: https://www.seleniumhq.org/exceptions/no_such_element.html
Build info: version: &apos;3.141.59&apos;, revision: &apos;e82be7d358&apos;, time: &apos;2018-11-14T08:17:03&apos;
System info: host: &apos;DELL-PC&apos;, ip: &apos;192.168.42.61&apos;, os.name: &apos;Windows 7&apos;, os.arch: &apos;amd64&apos;, os.version: &apos;6.1&apos;, java.version: &apos;15.0.1&apos;
Driver info: org.openqa.selenium.chrome.ChromeDriver
Capabilities {acceptInsecureCerts: false, browserName: chrome, browserVersion: 91.0.4472.77, chrome: {chromedriverVersion: 91.0.4472.19 (1bf021f248676..., userDataDir: C:\Users\DELL\AppData\Local...}, goog:chromeOptions: {debuggerAddress: localhost:59590}, javascriptEnabled: true, networkConnectionEnabled: false, pageLoadStrategy: normal, platform: WINDOWS, platformName: WINDOWS, proxy: Proxy(), setWindowRect: true, strictFileInteractability: false, timeouts: {implicit: 0, pageLoad: 300000, script: 30000}, unhandledPromptBehavior: dismiss and notify, webauthn:extension:largeBlob: true, webauthn:virtualAuthenticators: true}
Session ID: 105c7dbf88029b72b587d8a58ab0fd45
*** Element info: {Using=xpath, value=//div[@class=&quot;btnContainer appendBottom25 &quot;]}
	at com.htc.makemytrip.test.LoginTest.loginTest(LoginTest.java:28)
	at java.base/java.util.ArrayList.forEach(ArrayList.java:1511)
... Removed 28 stack frames</div></td></tr></table><p class="totop"><a href="#summary">back to summary</a></p>
<h3 id="m4">com.htc.makemytrip.test.NewAccountCreationTest#registrationTest</h3><table class="result"><tr class="param"><th>Parameter #1</th><th>Parameter #2</th></tr><tr class="param stripe"><td>{MobileNo=8190916561, FullName=Dinesh, Password=Qwerty@123}</td><td>null</td></tr><tr><th colspan="2">Exception</th></tr><tr><td colspan="2"><div class="stacktrace">java.lang.AssertionError: Expected condition failed: waiting for visibility of element located by By.id: firstName (tried for 5 second(s) with 500 milliseconds interval)
	at com.htc.makemytrip.test.NewAccountCreationTest.registrationTest(NewAccountCreationTest.java:32)
	at java.base/java.util.ArrayList.forEach(ArrayList.java:1511)
... Removed 28 stack frames</div></td></tr></table><p class="totop"><a href="#summary">back to summary</a></p>
<h3 id="m5">com.htc.makemytrip.test.TrainFunctionalityTest#bookATrainTickectTest</h3><table class="result"><tr class="param"><th>Parameter #1</th></tr><tr class="param stripe"><td>{Travel_Date=14/June/2021, MobileNo=8190916561, IRCTC_User_Name=Rohith_B, Email=rohith.b@test.com, Address=Sowcarpet, OTP=000000, From_City=Chennai, EmailOrMobile=8190916561, Full_Name=Rohith, PNR=4545656587, TrainNo=06057, Class_Type=Second Seating, Age=24, Pincode=600079, To_City=Tirupati}</td></tr><tr><th>Exception</th></tr><tr><td><div class="stacktrace">java.lang.AssertionError: no such element: Unable to locate element: {&quot;method&quot;:&quot;xpath&quot;,&quot;selector&quot;:&quot;(//label[@class=&apos;font14 blackText&apos;])[2]&quot;}
  (Session info: chrome=91.0.4472.77)
For documentation on this error, please visit: https://www.seleniumhq.org/exceptions/no_such_element.html
Build info: version: &apos;3.141.59&apos;, revision: &apos;e82be7d358&apos;, time: &apos;2018-11-14T08:17:03&apos;
System info: host: &apos;DELL-PC&apos;, ip: &apos;192.168.42.61&apos;, os.name: &apos;Windows 7&apos;, os.arch: &apos;amd64&apos;, os.version: &apos;6.1&apos;, java.version: &apos;15.0.1&apos;
Driver info: org.openqa.selenium.chrome.ChromeDriver
Capabilities {acceptInsecureCerts: false, browserName: chrome, browserVersion: 91.0.4472.77, chrome: {chromedriverVersion: 91.0.4472.19 (1bf021f248676..., userDataDir: C:\Users\DELL\AppData\Local...}, goog:chromeOptions: {debuggerAddress: localhost:52635}, javascriptEnabled: true, networkConnectionEnabled: false, pageLoadStrategy: normal, platform: WINDOWS, platformName: WINDOWS, proxy: Proxy(), setWindowRect: true, strictFileInteractability: false, timeouts: {implicit: 0, pageLoad: 300000, script: 30000}, unhandledPromptBehavior: dismiss and notify, webauthn:extension:largeBlob: true, webauthn:virtualAuthenticators: true}
Session ID: ec0623720923f6492177efff650fb274
*** Element info: {Using=xpath, value=(//label[@class=&apos;font14 blackText&apos;])[2]}
	at com.htc.makemytrip.test.TrainFunctionalityTest.bookATrainTickectTest(TrainFunctionalityTest.java:35)
	at java.base/java.util.ArrayList.forEach(ArrayList.java:1511)
... Removed 28 stack frames</div></td></tr></table><p class="totop"><a href="#summary">back to summary</a></p>
<h3 id="m6">com.htc.makemytrip.test.TrainFunctionalityTest#checkPnrTest</h3><table class="result"><tr class="param"><th>Parameter #1</th></tr><tr class="param stripe"><td>{Travel_Date=14/June/2021, MobileNo=8190916561, IRCTC_User_Name=Rohith_B, Email=rohith.b@test.com, Address=Sowcarpet, OTP=000000, From_City=Chennai, EmailOrMobile=8190916561, Full_Name=Rohith, PNR=4545656587, TrainNo=06057, Class_Type=Second Seating, Age=24, Pincode=600079, To_City=Tirupati}</td></tr><tr><th>Exception</th></tr><tr><td><div class="stacktrace">java.lang.AssertionError: Invalid PNR
	at com.htc.makemytrip.test.TrainFunctionalityTest.checkPnrTest(TrainFunctionalityTest.java:55)
	at java.base/java.util.ArrayList.forEach(ArrayList.java:1511)
... Removed 28 stack frames</div></td></tr></table><p class="totop"><a href="#summary">back to summary</a></p>
<h3 id="m7">com.htc.makemytrip.test.VillasFuntionalityTest#bookingVillasTest</h3><table class="result"><tr class="param"><th>Parameter #1</th></tr><tr class="param stripe"><td>{MobileNo=8190916561, Email=rohith.b@test.com, FirstName=Rohith, OTP=000000, City=Maldives, Checkout-Date=19/June2021, EmailOrMobile=8428219646, VillaName=Bibee Maldives, Adults=2, Children=0, LastName=B, Checkin-Date=14/June2021}</td></tr><tr><th>Exception</th></tr><tr><td><div class="stacktrace">java.lang.AssertionError: no such element: Unable to locate element: {&quot;method&quot;:&quot;css selector&quot;,&quot;selector&quot;:&quot;#city&quot;}
  (Session info: chrome=91.0.4472.77)
For documentation on this error, please visit: https://www.seleniumhq.org/exceptions/no_such_element.html
Build info: version: &apos;3.141.59&apos;, revision: &apos;e82be7d358&apos;, time: &apos;2018-11-14T08:17:03&apos;
System info: host: &apos;DELL-PC&apos;, ip: &apos;192.168.42.61&apos;, os.name: &apos;Windows 7&apos;, os.arch: &apos;amd64&apos;, os.version: &apos;6.1&apos;, java.version: &apos;15.0.1&apos;
Driver info: org.openqa.selenium.chrome.ChromeDriver
Capabilities {acceptInsecureCerts: false, browserName: chrome, browserVersion: 91.0.4472.77, chrome: {chromedriverVersion: 91.0.4472.19 (1bf021f248676..., userDataDir: C:\Users\DELL\AppData\Local...}, goog:chromeOptions: {debuggerAddress: localhost:54607}, javascriptEnabled: true, networkConnectionEnabled: false, pageLoadStrategy: normal, platform: WINDOWS, platformName: WINDOWS, proxy: Proxy(), setWindowRect: true, strictFileInteractability: false, timeouts: {implicit: 0, pageLoad: 300000, script: 30000}, unhandledPromptBehavior: dismiss and notify, webauthn:extension:largeBlob: true, webauthn:virtualAuthenticators: true}
Session ID: 6309e0f6328fdf622e75a1aa8df4d2ff
*** Element info: {Using=id, value=city}
	at com.htc.makemytrip.test.VillasFuntionalityTest.bookingVillasTest(VillasFuntionalityTest.java:35)
	at java.base/java.util.ArrayList.forEach(ArrayList.java:1511)
... Removed 28 stack frames</div></td></tr></table><p class="totop"><a href="#summary">back to summary</a></p>
<h3 id="m8">com.htc.makemytrip.test.BusFuntionalityTest#bookABusTicketTest</h3><table class="result"><tr class="param"><th>Parameter #1</th></tr><tr class="param stripe"><td>{MobileNo=8190916561, TravelTime=23:00, To-City=Bangalore, Journey-Date=14/June/2021, Email=rohith.b@test.com, From-City=Chennai, TravelsName=YBM, FullName=Rohith B, OTP=000000, EmailOrMobile=8428219646, Age=24}</td></tr></table><p class="totop"><a href="#summary">back to summary</a></p>
<h3 id="m9">com.htc.makemytrip.test.HotelFunctionalityTest#bookAHotelTest</h3><table class="result"><tr class="param"><th>Parameter #1</th></tr><tr class="param stripe"><td>{MobileNo=8190916561, Email=rohith.b@test.com, FirstName=Rohith, OTP=000000, City=Goa, Checkout-Date=19/June2021, MobileOrEmail=8428219646, Adults=2, Children=0, LastName=B, HotelName=Vivanta Goa, Checkin-Date=14/June2021}</td></tr></table><p class="totop"><a href="#summary">back to summary</a></p>
</body>
</html>
